<?xml version="1.0" encoding="UTF-8"?>
<!-- Generated by org.testng.reporters.JUnitReportReporter -->
<testsuite hostname="DESKTOP-5EGPBEC" failures="0" tests="4" name="test.OrderDaoTest" time="0.311" errors="0" timestamp="2021-08-26T19:31:26 CST" skipped="0">
  <testcase classname="test.OrderDaoTest" name="changeOrderStatus" time="0.282"/>
  <system-out/>
  <testcase classname="test.OrderDaoTest" name="saveOrder" time="0.003"/>
  <system-out/>
  <testcase classname="test.OrderDaoTest" name="queryOrders" time="0.026"/>
  <system-out/>
  <testcase classname="test.OrderDaoTest" name="queryOrdersByUserId" time="0.000"/>
  <system-out/>
</testsuite> <!-- test.OrderDaoTest -->
